<?xml version="1.0" encoding="UTF-8"?>
<!-- Generated by org.testng.reporters.JUnitXMLReporter -->
<testsuite hostname="DESKTOP-ACURQ7O" ignored="0" name="ChromeTestContactRu" tests="3" failures="0" timestamp="08 авг 2017 11:56:59 GMT" time="123.408" errors="0">
  <testcase name="checkOrderPriceListForm" time="35.003" classname="checkForm.checkFormBase"/>
  <testcase name="checkOrderPriceListFormAdmin" time="49.375" classname="checkForm.checkFormBase"/>
  <testcase name="checkDeletePriceListFormAdmin" time="30.958" classname="checkForm.checkFormBase"/>
</testsuite> <!-- ChromeTestContactRu -->
