<?xml version="1.0" encoding="UTF-8"?>
<!-- Generated by org.testng.reporters.JUnitXMLReporter -->
<testsuite hostname="DESKTOP-ACURQ7O" ignored="0" name="ChromeTestMainRu" tests="3" failures="0" timestamp="27 июл 2017 13:42:04 GMT" time="43.857" errors="0">
  <testcase name="checkOrderPriceListForm" time="4.565" classname="checkForm.checkFormBase"/>
  <testcase name="checkOrderPriceListFormAdmin" time="14.0" classname="checkForm.checkFormBase"/>
  <testcase name="checkDeletePriceListFormAdmin" time="17.605" classname="checkForm.checkFormBase"/>
</testsuite> <!-- ChromeTestMainRu -->
