<?xml version="1.0" encoding="UTF-8"?>
<!-- Generated by org.testng.reporters.JUnitXMLReporter -->
<testsuite hostname="DESKTOP-ACURQ7O" ignored="0" name="ChromeTestSearchRu1" tests="4" failures="0" timestamp="08 авг 2017 09:53:55 GMT" time="49.297" errors="0">
  <testcase name="checkResultList" time="6.607" classname="checkSearch.checkSearch"/>
  <testcase name="checkResultPage" time="11.205" classname="checkSearch.checkSearch"/>
  <testcase name="checkH1AndTitle" time="0.073" classname="checkSearch.checkSearch"/>
  <testcase name="checkSearchWithTwoKeysInDifferentOrders" time="0.0" classname="checkSearch.checkSearch"/>
</testsuite> <!-- ChromeTestSearchRu1 -->
