<?xml version="1.0" encoding="UTF-8"?>
<!-- Generated by org.testng.reporters.JUnitXMLReporter -->
<testsuite hostname="DESKTOP-ACURQ7O" ignored="0" name="ChromeTestSearchRu2" tests="4" failures="0" timestamp="08 авг 2017 09:54:43 GMT" time="47.855" errors="0">
  <testcase name="checkResultList" time="6.638" classname="checkSearch.checkSearch"/>
  <testcase name="checkResultPage" time="11.397" classname="checkSearch.checkSearch"/>
  <testcase name="checkH1AndTitle" time="0.062" classname="checkSearch.checkSearch"/>
  <testcase name="checkSearchWithTwoKeysInDifferentOrders" time="0.0" classname="checkSearch.checkSearch"/>
</testsuite> <!-- ChromeTestSearchRu2 -->
