<?xml version="1.0" encoding="UTF-8"?>
<!-- Generated by org.testng.reporters.JUnitXMLReporter -->
<testsuite hostname="DESKTOP-ACURQ7O" ignored="0" name="ChromeTestSearchRu3" tests="4" failures="1" timestamp="08 авг 2017 09:55:11 GMT" time="28.259" errors="0">
  <testcase name="checkResultList" time="6.558" classname="checkSearch.checkSearch">
    <failure type="java.lang.AssertionError" message="expected [true] but found [false]">
      <![CDATA[java.lang.AssertionError: expected [true] but found [false]
	at checkSearch.checkSearch.checkResultList(checkSearch.java:41)
... Removed 32 stack frames]]>
    </failure>
  </testcase> <!-- checkResultList -->
  <testcase name="checkResultPage" time="1.287" classname="checkSearch.checkSearch"/>
  <testcase name="checkH1AndTitle" time="0.071" classname="checkSearch.checkSearch"/>
  <testcase name="checkSearchWithTwoKeysInDifferentOrders" time="2.001" classname="checkSearch.checkSearch"/>
</testsuite> <!-- ChromeTestSearchRu3 -->
