<?xml version="1.0" encoding="UTF-8"?>
<!-- Generated by org.testng.reporters.JUnitXMLReporter -->
<testsuite hostname="DESKTOP-ACURQ7O" ignored="0" name="ChromeTestMainRu" tests="3" failures="0" timestamp="08 авг 2017 11:54:55 GMT" time="67.51" errors="0">
  <testcase name="checkOrderPriceListForm" time="5.085" classname="checkForm.checkFormBase"/>
  <testcase name="checkOrderPriceListFormAdmin" time="25.692" classname="checkForm.checkFormBase"/>
  <testcase name="checkDeletePriceListFormAdmin" time="19.01" classname="checkForm.checkFormBase"/>
</testsuite> <!-- ChromeTestMainRu -->
