<?xml version="1.0" encoding="UTF-8"?>
<!-- Generated by org.testng.reporters.JUnitXMLReporter -->
<testsuite hostname="DESKTOP-ACURQ7O" ignored="0" name="ChromeTestSearchRu4" tests="4" failures="0" timestamp="08 авг 2017 09:55:45 GMT" time="33.959" errors="0">
  <testcase name="checkResultList" time="0.835" classname="checkSearch.checkSearch"/>
  <testcase name="checkResultPage" time="1.259" classname="checkSearch.checkSearch"/>
  <testcase name="checkH1AndTitle" time="0.065" classname="checkSearch.checkSearch"/>
  <testcase name="checkSearchWithTwoKeysInDifferentOrders" time="1.864" classname="checkSearch.checkSearch"/>
</testsuite> <!-- ChromeTestSearchRu4 -->
