<?xml version="1.0" encoding="UTF-8"?>
<!-- Generated by org.testng.reporters.JUnitXMLReporter -->
<testsuite hostname="DESKTOP-ACURQ7O" ignored="0" name="ChromeTestCareerRu" tests="3" failures="0" timestamp="27 июл 2017 13:41:20 GMT" time="42.969" errors="0">
  <testcase name="checkCareerForm" time="3.974" classname="checkForm.checkFormCareer"/>
  <testcase name="checkCareerFormAdmin" time="14.051" classname="checkForm.checkFormCareer"/>
  <testcase name="checkDeletePriceListFormAdmin" time="14.996" classname="checkForm.checkFormCareer"/>
</testsuite> <!-- ChromeTestCareerRu -->
