<?xml version="1.0" encoding="UTF-8"?>
<!-- Generated by org.testng.reporters.JUnitXMLReporter -->
<testsuite hostname="DESKTOP-ACURQ7O" ignored="0" name="ChromeTestContactRu" tests="3" failures="0" timestamp="27 июл 2017 13:42:49 GMT" time="45.095" errors="0">
  <testcase name="checkOrderPriceListForm" time="4.869" classname="checkForm.checkFormBase"/>
  <testcase name="checkOrderPriceListFormAdmin" time="14.238" classname="checkForm.checkFormBase"/>
  <testcase name="checkDeletePriceListFormAdmin" time="17.935" classname="checkForm.checkFormBase"/>
</testsuite> <!-- ChromeTestContactRu -->
