<?xml version="1.0" encoding="UTF-8"?>
<!-- Generated by org.testng.reporters.JUnitXMLReporter -->
<testsuite hostname="DESKTOP-ACURQ7O" ignored="0" name="ChromeTestCareerRu" tests="3" failures="3" timestamp="31 июл 2017 08:54:20 GMT" time="33.103" errors="0">
  <testcase name="checkCareerForm" time="0.01" classname="checkForm.checkFormCareer">
    <failure type="java.io.IOException" message="Системе не удается найти указанный путь">
      <![CDATA[java.io.IOException: Системе не удается найти указанный путь
	at java.io.WinNTFileSystem.createFileExclusively(Native Method)
	at java.io.File.createNewFile(File.java:1012)
	at files.FileAV.createFile(FileAV.java:17)
	at checkForm.checkFormCareer.checkCareerForm(checkFormCareer.java:42)
... Removed 28 stack frames]]>
    </failure>
  </testcase> <!-- checkCareerForm -->
  <testcase name="checkCareerFormAdmin" time="0.0" classname="checkForm.checkFormCareer">
    <failure type="java.lang.NullPointerException">
      <![CDATA[java.lang.NullPointerException
	at checkForm.checkFormCareer.checkCareerFormAdmin(checkFormCareer.java:58)
... Removed 28 stack frames]]>
    </failure>
  </testcase> <!-- checkCareerFormAdmin -->
  <testcase name="checkDeletePriceListFormAdmin" time="0.002" classname="checkForm.checkFormCareer">
    <failure type="java.lang.NullPointerException">
      <![CDATA[java.lang.NullPointerException
	at checkForm.checkFormCareer.checkDeletePriceListFormAdmin(checkFormCareer.java:75)
... Removed 28 stack frames]]>
    </failure>
  </testcase> <!-- checkDeletePriceListFormAdmin -->
</testsuite> <!-- ChromeTestCareerRu -->
