<?xml version="1.0" encoding="UTF-8"?>
<!-- Generated by org.testng.reporters.JUnitXMLReporter -->
<testsuite hostname="DESKTOP-ACURQ7O" ignored="0" name="ChromeTestGazovayaRezkaMetallaRu" tests="3" failures="0" timestamp="08 авг 2017 11:58:12 GMT" time="73.583" errors="0">
  <testcase name="checkOrderPriceListForm" time="15.306" classname="checkForm.checkFormBase"/>
  <testcase name="checkOrderPriceListFormAdmin" time="38.372" classname="checkForm.checkFormBase"/>
  <testcase name="checkDeletePriceListFormAdmin" time="11.766" classname="checkForm.checkFormBase"/>
</testsuite> <!-- ChromeTestGazovayaRezkaMetallaRu -->
