<?xml version="1.0" encoding="UTF-8"?>
<!-- Generated by org.testng.reporters.JUnitXMLReporter -->
<testsuite hostname="DESKTOP-ACURQ7O" name="ChromeTestSearchRu3" tests="4" failures="0" timestamp="15 Nov 2017 16:00:58 GMT" time="96.854" errors="0">
  <testcase name="checkResultList" time="1.602" classname="checkSearch.checkSearch"/>
  <testcase name="checkResultPage" time="2.786" classname="checkSearch.checkSearch"/>
  <testcase name="checkH1AndTitle" time="0.073" classname="checkSearch.checkSearch"/>
  <testcase name="checkSearchWithTwoKeysInDifferentOrders" time="40.328" classname="checkSearch.checkSearch"/>
</testsuite> <!-- ChromeTestSearchRu3 -->
