<?xml version="1.0" encoding="UTF-8"?>
<!-- Generated by org.testng.reporters.JUnitXMLReporter -->
<testsuite hostname="DESKTOP-ACURQ7O" name="ChromeTestSearchRu1" tests="4" failures="0" timestamp="15 Nov 2017 15:59:02 GMT" time="35.112" errors="0">
  <testcase name="checkResultList" time="7.142" classname="checkSearch.checkSearch"/>
  <testcase name="checkResultPage" time="2.113" classname="checkSearch.checkSearch"/>
  <testcase name="checkH1AndTitle" time="0.068" classname="checkSearch.checkSearch"/>
  <testcase name="checkSearchWithTwoKeysInDifferentOrders" time="0.002" classname="checkSearch.checkSearch"/>
</testsuite> <!-- ChromeTestSearchRu1 -->
